<?xml version="1.0" encoding="UTF-8"?>
<testsuite name="TestSeguroDao" tests="10" skipped="0" failures="0" errors="0" timestamp="2022-01-31T08:57:14" hostname="DESKTOP-QRGK39G" time="0.394">
  <properties/>
  <testcase name="horaContacto()" classname="TestSeguroDao" time="0.288"/>
  <testcase name="delete()" classname="TestSeguroDao" time="0.021"/>
  <testcase name="insert()" classname="TestSeguroDao" time="0.012"/>
  <testcase name="update()" classname="TestSeguroDao" time="0.02"/>
  <testcase name="fechaNacimiento()" classname="TestSeguroDao" time="0.008"/>
  <testcase name="init()" classname="TestSeguroDao" time="0.002"/>
  <testcase name="read()" classname="TestSeguroDao" time="0.009"/>
  <testcase name="mayor_edad()" classname="TestSeguroDao" time="0.012"/>
  <testcase name="TestClave()" classname="TestSeguroDao" time="0.008"/>
  <testcase name="testTipoSeguro()" classname="TestSeguroDao" time="0.007"/>
  <system-out><![CDATA[Hibernate: drop table if exists SEGURO CASCADE 
Hibernate: create table SEGURO (ID_SEGURO integer not null, APE1 varchar(255), APE2 varchar(255), CASADO varchar(1), CLAVE clob, EDAD integer, FECHA_CREACION timestamp, FECHA_NACIMIENTO date, HORA_CONTACTO time, NIF varchar(9) not null, NOMBRE varchar(255), NUM_HIJOS integer, SEXO integer, TIPO_SEGURO varchar(255) not null, primary key (ID_SEGURO))
Hibernate: alter table SEGURO add constraint UK_t26xvqqkje2yojm9s0xv06hg9 unique (NIF)
Hibernate: drop table if exists SEGURO CASCADE 
Hibernate: create table SEGURO (ID_SEGURO integer not null, APE1 varchar(255), APE2 varchar(255), CASADO varchar(1), CLAVE clob, EDAD integer, FECHA_CREACION timestamp, FECHA_NACIMIENTO date, HORA_CONTACTO time, NIF varchar(9) not null, NOMBRE varchar(255), NUM_HIJOS integer, SEXO integer, TIPO_SEGURO varchar(255) not null, primary key (ID_SEGURO))
Hibernate: alter table SEGURO add constraint UK_t26xvqqkje2yojm9s0xv06hg9 unique (NIF)
Hibernate: select seguro0_.ID_SEGURO as id_segur1_0_0_, seguro0_.APE1 as ape2_0_0_, seguro0_.APE2 as ape3_0_0_, seguro0_.CASADO as casado4_0_0_, seguro0_.CLAVE as clave5_0_0_, seguro0_.EDAD as edad6_0_0_, seguro0_.FECHA_CREACION as fecha_cr7_0_0_, seguro0_.FECHA_NACIMIENTO as fecha_na8_0_0_, seguro0_.HORA_CONTACTO as hora_con9_0_0_, seguro0_.NIF as nif10_0_0_, seguro0_.NOMBRE as nombre11_0_0_, seguro0_.NUM_HIJOS as num_hij12_0_0_, seguro0_.SEXO as sexo13_0_0_, seguro0_.TIPO_SEGURO as tipo_se14_0_0_, seguro0_.edad>=18 as formula2_0_ from SEGURO seguro0_ where seguro0_.ID_SEGURO=?
Hibernate: insert into SEGURO (APE1, APE2, CASADO, CLAVE, EDAD, FECHA_CREACION, FECHA_NACIMIENTO, HORA_CONTACTO, NIF, NOMBRE, NUM_HIJOS, SEXO, TIPO_SEGURO, ID_SEGURO) values (?, ?, ?, ?, ?, ?, ?, ?, ?, ?, ?, ?, ?, ?)
Hibernate: select seguro0_.ID_SEGURO as id_segur1_0_0_, seguro0_.APE1 as ape2_0_0_, seguro0_.APE2 as ape3_0_0_, seguro0_.CASADO as casado4_0_0_, seguro0_.CLAVE as clave5_0_0_, seguro0_.EDAD as edad6_0_0_, seguro0_.FECHA_CREACION as fecha_cr7_0_0_, seguro0_.FECHA_NACIMIENTO as fecha_na8_0_0_, seguro0_.HORA_CONTACTO as hora_con9_0_0_, seguro0_.NIF as nif10_0_0_, seguro0_.NOMBRE as nombre11_0_0_, seguro0_.NUM_HIJOS as num_hij12_0_0_, seguro0_.SEXO as sexo13_0_0_, seguro0_.TIPO_SEGURO as tipo_se14_0_0_, seguro0_.edad>=18 as formula2_0_ from SEGURO seguro0_ where seguro0_.ID_SEGURO=?
Hibernate: select seguro0_.ID_SEGURO as id_segur1_0_0_, seguro0_.APE1 as ape2_0_0_, seguro0_.APE2 as ape3_0_0_, seguro0_.CASADO as casado4_0_0_, seguro0_.CLAVE as clave5_0_0_, seguro0_.EDAD as edad6_0_0_, seguro0_.FECHA_CREACION as fecha_cr7_0_0_, seguro0_.FECHA_NACIMIENTO as fecha_na8_0_0_, seguro0_.HORA_CONTACTO as hora_con9_0_0_, seguro0_.NIF as nif10_0_0_, seguro0_.NOMBRE as nombre11_0_0_, seguro0_.NUM_HIJOS as num_hij12_0_0_, seguro0_.SEXO as sexo13_0_0_, seguro0_.TIPO_SEGURO as tipo_se14_0_0_, seguro0_.edad>=18 as formula2_0_ from SEGURO seguro0_ where seguro0_.ID_SEGURO=?
Hibernate: insert into SEGURO (APE1, APE2, CASADO, CLAVE, EDAD, FECHA_CREACION, FECHA_NACIMIENTO, HORA_CONTACTO, NIF, NOMBRE, NUM_HIJOS, SEXO, TIPO_SEGURO, ID_SEGURO) values (?, ?, ?, ?, ?, ?, ?, ?, ?, ?, ?, ?, ?, ?)
Hibernate: select seguro0_.ID_SEGURO as id_segur1_0_0_, seguro0_.APE1 as ape2_0_0_, seguro0_.APE2 as ape3_0_0_, seguro0_.CASADO as casado4_0_0_, seguro0_.CLAVE as clave5_0_0_, seguro0_.EDAD as edad6_0_0_, seguro0_.FECHA_CREACION as fecha_cr7_0_0_, seguro0_.FECHA_NACIMIENTO as fecha_na8_0_0_, seguro0_.HORA_CONTACTO as hora_con9_0_0_, seguro0_.NIF as nif10_0_0_, seguro0_.NOMBRE as nombre11_0_0_, seguro0_.NUM_HIJOS as num_hij12_0_0_, seguro0_.SEXO as sexo13_0_0_, seguro0_.TIPO_SEGURO as tipo_se14_0_0_, seguro0_.edad>=18 as formula2_0_ from SEGURO seguro0_ where seguro0_.ID_SEGURO=?
Hibernate: delete from SEGURO where ID_SEGURO=?
Hibernate: select seguro0_.ID_SEGURO as id_segur1_0_0_, seguro0_.APE1 as ape2_0_0_, seguro0_.APE2 as ape3_0_0_, seguro0_.CASADO as casado4_0_0_, seguro0_.CLAVE as clave5_0_0_, seguro0_.EDAD as edad6_0_0_, seguro0_.FECHA_CREACION as fecha_cr7_0_0_, seguro0_.FECHA_NACIMIENTO as fecha_na8_0_0_, seguro0_.HORA_CONTACTO as hora_con9_0_0_, seguro0_.NIF as nif10_0_0_, seguro0_.NOMBRE as nombre11_0_0_, seguro0_.NUM_HIJOS as num_hij12_0_0_, seguro0_.SEXO as sexo13_0_0_, seguro0_.TIPO_SEGURO as tipo_se14_0_0_, seguro0_.edad>=18 as formula2_0_ from SEGURO seguro0_ where seguro0_.ID_SEGURO=?
Hibernate: select seguro0_.ID_SEGURO as id_segur1_0_0_, seguro0_.APE1 as ape2_0_0_, seguro0_.APE2 as ape3_0_0_, seguro0_.CASADO as casado4_0_0_, seguro0_.CLAVE as clave5_0_0_, seguro0_.EDAD as edad6_0_0_, seguro0_.FECHA_CREACION as fecha_cr7_0_0_, seguro0_.FECHA_NACIMIENTO as fecha_na8_0_0_, seguro0_.HORA_CONTACTO as hora_con9_0_0_, seguro0_.NIF as nif10_0_0_, seguro0_.NOMBRE as nombre11_0_0_, seguro0_.NUM_HIJOS as num_hij12_0_0_, seguro0_.SEXO as sexo13_0_0_, seguro0_.TIPO_SEGURO as tipo_se14_0_0_, seguro0_.edad>=18 as formula2_0_ from SEGURO seguro0_ where seguro0_.ID_SEGURO=?
Hibernate: select seguro0_.ID_SEGURO as id_segur1_0_0_, seguro0_.APE1 as ape2_0_0_, seguro0_.APE2 as ape3_0_0_, seguro0_.CASADO as casado4_0_0_, seguro0_.CLAVE as clave5_0_0_, seguro0_.EDAD as edad6_0_0_, seguro0_.FECHA_CREACION as fecha_cr7_0_0_, seguro0_.FECHA_NACIMIENTO as fecha_na8_0_0_, seguro0_.HORA_CONTACTO as hora_con9_0_0_, seguro0_.NIF as nif10_0_0_, seguro0_.NOMBRE as nombre11_0_0_, seguro0_.NUM_HIJOS as num_hij12_0_0_, seguro0_.SEXO as sexo13_0_0_, seguro0_.TIPO_SEGURO as tipo_se14_0_0_, seguro0_.edad>=18 as formula2_0_ from SEGURO seguro0_ where seguro0_.ID_SEGURO=?
Hibernate: select seguro0_.ID_SEGURO as id_segur1_0_0_, seguro0_.APE1 as ape2_0_0_, seguro0_.APE2 as ape3_0_0_, seguro0_.CASADO as casado4_0_0_, seguro0_.CLAVE as clave5_0_0_, seguro0_.EDAD as edad6_0_0_, seguro0_.FECHA_CREACION as fecha_cr7_0_0_, seguro0_.FECHA_NACIMIENTO as fecha_na8_0_0_, seguro0_.HORA_CONTACTO as hora_con9_0_0_, seguro0_.NIF as nif10_0_0_, seguro0_.NOMBRE as nombre11_0_0_, seguro0_.NUM_HIJOS as num_hij12_0_0_, seguro0_.SEXO as sexo13_0_0_, seguro0_.TIPO_SEGURO as tipo_se14_0_0_, seguro0_.edad>=18 as formula2_0_ from SEGURO seguro0_ where seguro0_.ID_SEGURO=?
Hibernate: insert into SEGURO (APE1, APE2, CASADO, CLAVE, EDAD, FECHA_CREACION, FECHA_NACIMIENTO, HORA_CONTACTO, NIF, NOMBRE, NUM_HIJOS, SEXO, TIPO_SEGURO, ID_SEGURO) values (?, ?, ?, ?, ?, ?, ?, ?, ?, ?, ?, ?, ?, ?)
Hibernate: select seguro0_.ID_SEGURO as id_segur1_0_0_, seguro0_.APE1 as ape2_0_0_, seguro0_.APE2 as ape3_0_0_, seguro0_.CASADO as casado4_0_0_, seguro0_.CLAVE as clave5_0_0_, seguro0_.EDAD as edad6_0_0_, seguro0_.FECHA_CREACION as fecha_cr7_0_0_, seguro0_.FECHA_NACIMIENTO as fecha_na8_0_0_, seguro0_.HORA_CONTACTO as hora_con9_0_0_, seguro0_.NIF as nif10_0_0_, seguro0_.NOMBRE as nombre11_0_0_, seguro0_.NUM_HIJOS as num_hij12_0_0_, seguro0_.SEXO as sexo13_0_0_, seguro0_.TIPO_SEGURO as tipo_se14_0_0_, seguro0_.edad>=18 as formula2_0_ from SEGURO seguro0_ where seguro0_.ID_SEGURO=?
Hibernate: select seguro0_.ID_SEGURO as id_segur1_0_0_, seguro0_.APE1 as ape2_0_0_, seguro0_.APE2 as ape3_0_0_, seguro0_.CASADO as casado4_0_0_, seguro0_.CLAVE as clave5_0_0_, seguro0_.EDAD as edad6_0_0_, seguro0_.FECHA_CREACION as fecha_cr7_0_0_, seguro0_.FECHA_NACIMIENTO as fecha_na8_0_0_, seguro0_.HORA_CONTACTO as hora_con9_0_0_, seguro0_.NIF as nif10_0_0_, seguro0_.NOMBRE as nombre11_0_0_, seguro0_.NUM_HIJOS as num_hij12_0_0_, seguro0_.SEXO as sexo13_0_0_, seguro0_.TIPO_SEGURO as tipo_se14_0_0_, seguro0_.edad>=18 as formula2_0_ from SEGURO seguro0_ where seguro0_.ID_SEGURO=?
Hibernate: insert into SEGURO (APE1, APE2, CASADO, CLAVE, EDAD, FECHA_CREACION, FECHA_NACIMIENTO, HORA_CONTACTO, NIF, NOMBRE, NUM_HIJOS, SEXO, TIPO_SEGURO, ID_SEGURO) values (?, ?, ?, ?, ?, ?, ?, ?, ?, ?, ?, ?, ?, ?)
Hibernate: select seguro0_.ID_SEGURO as id_segur1_0_0_, seguro0_.APE1 as ape2_0_0_, seguro0_.APE2 as ape3_0_0_, seguro0_.CASADO as casado4_0_0_, seguro0_.CLAVE as clave5_0_0_, seguro0_.EDAD as edad6_0_0_, seguro0_.FECHA_CREACION as fecha_cr7_0_0_, seguro0_.FECHA_NACIMIENTO as fecha_na8_0_0_, seguro0_.HORA_CONTACTO as hora_con9_0_0_, seguro0_.NIF as nif10_0_0_, seguro0_.NOMBRE as nombre11_0_0_, seguro0_.NUM_HIJOS as num_hij12_0_0_, seguro0_.SEXO as sexo13_0_0_, seguro0_.TIPO_SEGURO as tipo_se14_0_0_, seguro0_.edad>=18 as formula2_0_ from SEGURO seguro0_ where seguro0_.ID_SEGURO=?
Hibernate: update SEGURO set APE1=?, APE2=?, CASADO=?, CLAVE=?, EDAD=?, FECHA_CREACION=?, FECHA_NACIMIENTO=?, HORA_CONTACTO=?, NIF=?, NOMBRE=?, NUM_HIJOS=?, SEXO=?, TIPO_SEGURO=? where ID_SEGURO=?
Hibernate: select seguro0_.ID_SEGURO as id_segur1_0_0_, seguro0_.APE1 as ape2_0_0_, seguro0_.APE2 as ape3_0_0_, seguro0_.CASADO as casado4_0_0_, seguro0_.CLAVE as clave5_0_0_, seguro0_.EDAD as edad6_0_0_, seguro0_.FECHA_CREACION as fecha_cr7_0_0_, seguro0_.FECHA_NACIMIENTO as fecha_na8_0_0_, seguro0_.HORA_CONTACTO as hora_con9_0_0_, seguro0_.NIF as nif10_0_0_, seguro0_.NOMBRE as nombre11_0_0_, seguro0_.NUM_HIJOS as num_hij12_0_0_, seguro0_.SEXO as sexo13_0_0_, seguro0_.TIPO_SEGURO as tipo_se14_0_0_, seguro0_.edad>=18 as formula2_0_ from SEGURO seguro0_ where seguro0_.ID_SEGURO=?
Hibernate: select seguro0_.ID_SEGURO as id_segur1_0_0_, seguro0_.APE1 as ape2_0_0_, seguro0_.APE2 as ape3_0_0_, seguro0_.CASADO as casado4_0_0_, seguro0_.CLAVE as clave5_0_0_, seguro0_.EDAD as edad6_0_0_, seguro0_.FECHA_CREACION as fecha_cr7_0_0_, seguro0_.FECHA_NACIMIENTO as fecha_na8_0_0_, seguro0_.HORA_CONTACTO as hora_con9_0_0_, seguro0_.NIF as nif10_0_0_, seguro0_.NOMBRE as nombre11_0_0_, seguro0_.NUM_HIJOS as num_hij12_0_0_, seguro0_.SEXO as sexo13_0_0_, seguro0_.TIPO_SEGURO as tipo_se14_0_0_, seguro0_.edad>=18 as formula2_0_ from SEGURO seguro0_ where seguro0_.ID_SEGURO=?
Hibernate: select seguro0_.ID_SEGURO as id_segur1_0_0_, seguro0_.APE1 as ape2_0_0_, seguro0_.APE2 as ape3_0_0_, seguro0_.CASADO as casado4_0_0_, seguro0_.CLAVE as clave5_0_0_, seguro0_.EDAD as edad6_0_0_, seguro0_.FECHA_CREACION as fecha_cr7_0_0_, seguro0_.FECHA_NACIMIENTO as fecha_na8_0_0_, seguro0_.HORA_CONTACTO as hora_con9_0_0_, seguro0_.NIF as nif10_0_0_, seguro0_.NOMBRE as nombre11_0_0_, seguro0_.NUM_HIJOS as num_hij12_0_0_, seguro0_.SEXO as sexo13_0_0_, seguro0_.TIPO_SEGURO as tipo_se14_0_0_, seguro0_.edad>=18 as formula2_0_ from SEGURO seguro0_ where seguro0_.ID_SEGURO=?
Hibernate: select seguro0_.ID_SEGURO as id_segur1_0_0_, seguro0_.APE1 as ape2_0_0_, seguro0_.APE2 as ape3_0_0_, seguro0_.CASADO as casado4_0_0_, seguro0_.CLAVE as clave5_0_0_, seguro0_.EDAD as edad6_0_0_, seguro0_.FECHA_CREACION as fecha_cr7_0_0_, seguro0_.FECHA_NACIMIENTO as fecha_na8_0_0_, seguro0_.HORA_CONTACTO as hora_con9_0_0_, seguro0_.NIF as nif10_0_0_, seguro0_.NOMBRE as nombre11_0_0_, seguro0_.NUM_HIJOS as num_hij12_0_0_, seguro0_.SEXO as sexo13_0_0_, seguro0_.TIPO_SEGURO as tipo_se14_0_0_, seguro0_.edad>=18 as formula2_0_ from SEGURO seguro0_ where seguro0_.ID_SEGURO=?
Hibernate: select seguro0_.ID_SEGURO as id_segur1_0_0_, seguro0_.APE1 as ape2_0_0_, seguro0_.APE2 as ape3_0_0_, seguro0_.CASADO as casado4_0_0_, seguro0_.CLAVE as clave5_0_0_, seguro0_.EDAD as edad6_0_0_, seguro0_.FECHA_CREACION as fecha_cr7_0_0_, seguro0_.FECHA_NACIMIENTO as fecha_na8_0_0_, seguro0_.HORA_CONTACTO as hora_con9_0_0_, seguro0_.NIF as nif10_0_0_, seguro0_.NOMBRE as nombre11_0_0_, seguro0_.NUM_HIJOS as num_hij12_0_0_, seguro0_.SEXO as sexo13_0_0_, seguro0_.TIPO_SEGURO as tipo_se14_0_0_, seguro0_.edad>=18 as formula2_0_ from SEGURO seguro0_ where seguro0_.ID_SEGURO=?
Hibernate: insert into SEGURO (APE1, APE2, CASADO, CLAVE, EDAD, FECHA_CREACION, FECHA_NACIMIENTO, HORA_CONTACTO, NIF, NOMBRE, NUM_HIJOS, SEXO, TIPO_SEGURO, ID_SEGURO) values (?, ?, ?, ?, ?, ?, ?, ?, ?, ?, ?, ?, ?, ?)
Hibernate: select seguro0_.ID_SEGURO as id_segur1_0_0_, seguro0_.APE1 as ape2_0_0_, seguro0_.APE2 as ape3_0_0_, seguro0_.CASADO as casado4_0_0_, seguro0_.CLAVE as clave5_0_0_, seguro0_.EDAD as edad6_0_0_, seguro0_.FECHA_CREACION as fecha_cr7_0_0_, seguro0_.FECHA_NACIMIENTO as fecha_na8_0_0_, seguro0_.HORA_CONTACTO as hora_con9_0_0_, seguro0_.NIF as nif10_0_0_, seguro0_.NOMBRE as nombre11_0_0_, seguro0_.NUM_HIJOS as num_hij12_0_0_, seguro0_.SEXO as sexo13_0_0_, seguro0_.TIPO_SEGURO as tipo_se14_0_0_, seguro0_.edad>=18 as formula2_0_ from SEGURO seguro0_ where seguro0_.ID_SEGURO=?
Hibernate: select seguro0_.ID_SEGURO as id_segur1_0_0_, seguro0_.APE1 as ape2_0_0_, seguro0_.APE2 as ape3_0_0_, seguro0_.CASADO as casado4_0_0_, seguro0_.CLAVE as clave5_0_0_, seguro0_.EDAD as edad6_0_0_, seguro0_.FECHA_CREACION as fecha_cr7_0_0_, seguro0_.FECHA_NACIMIENTO as fecha_na8_0_0_, seguro0_.HORA_CONTACTO as hora_con9_0_0_, seguro0_.NIF as nif10_0_0_, seguro0_.NOMBRE as nombre11_0_0_, seguro0_.NUM_HIJOS as num_hij12_0_0_, seguro0_.SEXO as sexo13_0_0_, seguro0_.TIPO_SEGURO as tipo_se14_0_0_, seguro0_.edad>=18 as formula2_0_ from SEGURO seguro0_ where seguro0_.ID_SEGURO=?
Hibernate: insert into SEGURO (APE1, APE2, CASADO, CLAVE, EDAD, FECHA_CREACION, FECHA_NACIMIENTO, HORA_CONTACTO, NIF, NOMBRE, NUM_HIJOS, SEXO, TIPO_SEGURO, ID_SEGURO) values (?, ?, ?, ?, ?, ?, ?, ?, ?, ?, ?, ?, ?, ?)
Hibernate: select seguro0_.ID_SEGURO as id_segur1_0_0_, seguro0_.APE1 as ape2_0_0_, seguro0_.APE2 as ape3_0_0_, seguro0_.CASADO as casado4_0_0_, seguro0_.CLAVE as clave5_0_0_, seguro0_.EDAD as edad6_0_0_, seguro0_.FECHA_CREACION as fecha_cr7_0_0_, seguro0_.FECHA_NACIMIENTO as fecha_na8_0_0_, seguro0_.HORA_CONTACTO as hora_con9_0_0_, seguro0_.NIF as nif10_0_0_, seguro0_.NOMBRE as nombre11_0_0_, seguro0_.NUM_HIJOS as num_hij12_0_0_, seguro0_.SEXO as sexo13_0_0_, seguro0_.TIPO_SEGURO as tipo_se14_0_0_, seguro0_.edad>=18 as formula2_0_ from SEGURO seguro0_ where seguro0_.ID_SEGURO=?
Hibernate: select seguro0_.ID_SEGURO as id_segur1_0_0_, seguro0_.APE1 as ape2_0_0_, seguro0_.APE2 as ape3_0_0_, seguro0_.CASADO as casado4_0_0_, seguro0_.CLAVE as clave5_0_0_, seguro0_.EDAD as edad6_0_0_, seguro0_.FECHA_CREACION as fecha_cr7_0_0_, seguro0_.FECHA_NACIMIENTO as fecha_na8_0_0_, seguro0_.HORA_CONTACTO as hora_con9_0_0_, seguro0_.NIF as nif10_0_0_, seguro0_.NOMBRE as nombre11_0_0_, seguro0_.NUM_HIJOS as num_hij12_0_0_, seguro0_.SEXO as sexo13_0_0_, seguro0_.TIPO_SEGURO as tipo_se14_0_0_, seguro0_.edad>=18 as formula2_0_ from SEGURO seguro0_ where seguro0_.ID_SEGURO=?
Hibernate: select seguro0_.ID_SEGURO as id_segur1_0_0_, seguro0_.APE1 as ape2_0_0_, seguro0_.APE2 as ape3_0_0_, seguro0_.CASADO as casado4_0_0_, seguro0_.CLAVE as clave5_0_0_, seguro0_.EDAD as edad6_0_0_, seguro0_.FECHA_CREACION as fecha_cr7_0_0_, seguro0_.FECHA_NACIMIENTO as fecha_na8_0_0_, seguro0_.HORA_CONTACTO as hora_con9_0_0_, seguro0_.NIF as nif10_0_0_, seguro0_.NOMBRE as nombre11_0_0_, seguro0_.NUM_HIJOS as num_hij12_0_0_, seguro0_.SEXO as sexo13_0_0_, seguro0_.TIPO_SEGURO as tipo_se14_0_0_, seguro0_.edad>=18 as formula2_0_ from SEGURO seguro0_ where seguro0_.ID_SEGURO=?
Hibernate: select seguro0_.ID_SEGURO as id_segur1_0_0_, seguro0_.APE1 as ape2_0_0_, seguro0_.APE2 as ape3_0_0_, seguro0_.CASADO as casado4_0_0_, seguro0_.CLAVE as clave5_0_0_, seguro0_.EDAD as edad6_0_0_, seguro0_.FECHA_CREACION as fecha_cr7_0_0_, seguro0_.FECHA_NACIMIENTO as fecha_na8_0_0_, seguro0_.HORA_CONTACTO as hora_con9_0_0_, seguro0_.NIF as nif10_0_0_, seguro0_.NOMBRE as nombre11_0_0_, seguro0_.NUM_HIJOS as num_hij12_0_0_, seguro0_.SEXO as sexo13_0_0_, seguro0_.TIPO_SEGURO as tipo_se14_0_0_, seguro0_.edad>=18 as formula2_0_ from SEGURO seguro0_ where seguro0_.ID_SEGURO=?
Hibernate: insert into SEGURO (APE1, APE2, CASADO, CLAVE, EDAD, FECHA_CREACION, FECHA_NACIMIENTO, HORA_CONTACTO, NIF, NOMBRE, NUM_HIJOS, SEXO, TIPO_SEGURO, ID_SEGURO) values (?, ?, ?, ?, ?, ?, ?, ?, ?, ?, ?, ?, ?, ?)
Hibernate: select seguro0_.ID_SEGURO as id_segur1_0_0_, seguro0_.APE1 as ape2_0_0_, seguro0_.APE2 as ape3_0_0_, seguro0_.CASADO as casado4_0_0_, seguro0_.CLAVE as clave5_0_0_, seguro0_.EDAD as edad6_0_0_, seguro0_.FECHA_CREACION as fecha_cr7_0_0_, seguro0_.FECHA_NACIMIENTO as fecha_na8_0_0_, seguro0_.HORA_CONTACTO as hora_con9_0_0_, seguro0_.NIF as nif10_0_0_, seguro0_.NOMBRE as nombre11_0_0_, seguro0_.NUM_HIJOS as num_hij12_0_0_, seguro0_.SEXO as sexo13_0_0_, seguro0_.TIPO_SEGURO as tipo_se14_0_0_, seguro0_.edad>=18 as formula2_0_ from SEGURO seguro0_ where seguro0_.ID_SEGURO=?
Hibernate: insert into SEGURO (APE1, APE2, CASADO, CLAVE, EDAD, FECHA_CREACION, FECHA_NACIMIENTO, HORA_CONTACTO, NIF, NOMBRE, NUM_HIJOS, SEXO, TIPO_SEGURO, ID_SEGURO) values (?, ?, ?, ?, ?, ?, ?, ?, ?, ?, ?, ?, ?, ?)
Hibernate: select seguro0_.ID_SEGURO as id_segur1_0_0_, seguro0_.APE1 as ape2_0_0_, seguro0_.APE2 as ape3_0_0_, seguro0_.CASADO as casado4_0_0_, seguro0_.CLAVE as clave5_0_0_, seguro0_.EDAD as edad6_0_0_, seguro0_.FECHA_CREACION as fecha_cr7_0_0_, seguro0_.FECHA_NACIMIENTO as fecha_na8_0_0_, seguro0_.HORA_CONTACTO as hora_con9_0_0_, seguro0_.NIF as nif10_0_0_, seguro0_.NOMBRE as nombre11_0_0_, seguro0_.NUM_HIJOS as num_hij12_0_0_, seguro0_.SEXO as sexo13_0_0_, seguro0_.TIPO_SEGURO as tipo_se14_0_0_, seguro0_.edad>=18 as formula2_0_ from SEGURO seguro0_ where seguro0_.ID_SEGURO=?
Hibernate: select seguro0_.ID_SEGURO as id_segur1_0_0_, seguro0_.APE1 as ape2_0_0_, seguro0_.APE2 as ape3_0_0_, seguro0_.CASADO as casado4_0_0_, seguro0_.CLAVE as clave5_0_0_, seguro0_.EDAD as edad6_0_0_, seguro0_.FECHA_CREACION as fecha_cr7_0_0_, seguro0_.FECHA_NACIMIENTO as fecha_na8_0_0_, seguro0_.HORA_CONTACTO as hora_con9_0_0_, seguro0_.NIF as nif10_0_0_, seguro0_.NOMBRE as nombre11_0_0_, seguro0_.NUM_HIJOS as num_hij12_0_0_, seguro0_.SEXO as sexo13_0_0_, seguro0_.TIPO_SEGURO as tipo_se14_0_0_, seguro0_.edad>=18 as formula2_0_ from SEGURO seguro0_ where seguro0_.ID_SEGURO=?
Hibernate: select seguro0_.ID_SEGURO as id_segur1_0_0_, seguro0_.APE1 as ape2_0_0_, seguro0_.APE2 as ape3_0_0_, seguro0_.CASADO as casado4_0_0_, seguro0_.CLAVE as clave5_0_0_, seguro0_.EDAD as edad6_0_0_, seguro0_.FECHA_CREACION as fecha_cr7_0_0_, seguro0_.FECHA_NACIMIENTO as fecha_na8_0_0_, seguro0_.HORA_CONTACTO as hora_con9_0_0_, seguro0_.NIF as nif10_0_0_, seguro0_.NOMBRE as nombre11_0_0_, seguro0_.NUM_HIJOS as num_hij12_0_0_, seguro0_.SEXO as sexo13_0_0_, seguro0_.TIPO_SEGURO as tipo_se14_0_0_, seguro0_.edad>=18 as formula2_0_ from SEGURO seguro0_ where seguro0_.ID_SEGURO=?
Hibernate: insert into SEGURO (APE1, APE2, CASADO, CLAVE, EDAD, FECHA_CREACION, FECHA_NACIMIENTO, HORA_CONTACTO, NIF, NOMBRE, NUM_HIJOS, SEXO, TIPO_SEGURO, ID_SEGURO) values (?, ?, ?, ?, ?, ?, ?, ?, ?, ?, ?, ?, ?, ?)
Hibernate: select seguro0_.ID_SEGURO as id_segur1_0_0_, seguro0_.APE1 as ape2_0_0_, seguro0_.APE2 as ape3_0_0_, seguro0_.CASADO as casado4_0_0_, seguro0_.CLAVE as clave5_0_0_, seguro0_.EDAD as edad6_0_0_, seguro0_.FECHA_CREACION as fecha_cr7_0_0_, seguro0_.FECHA_NACIMIENTO as fecha_na8_0_0_, seguro0_.HORA_CONTACTO as hora_con9_0_0_, seguro0_.NIF as nif10_0_0_, seguro0_.NOMBRE as nombre11_0_0_, seguro0_.NUM_HIJOS as num_hij12_0_0_, seguro0_.SEXO as sexo13_0_0_, seguro0_.TIPO_SEGURO as tipo_se14_0_0_, seguro0_.edad>=18 as formula2_0_ from SEGURO seguro0_ where seguro0_.ID_SEGURO=?
Hibernate: select seguro0_.ID_SEGURO as id_segur1_0_0_, seguro0_.APE1 as ape2_0_0_, seguro0_.APE2 as ape3_0_0_, seguro0_.CASADO as casado4_0_0_, seguro0_.CLAVE as clave5_0_0_, seguro0_.EDAD as edad6_0_0_, seguro0_.FECHA_CREACION as fecha_cr7_0_0_, seguro0_.FECHA_NACIMIENTO as fecha_na8_0_0_, seguro0_.HORA_CONTACTO as hora_con9_0_0_, seguro0_.NIF as nif10_0_0_, seguro0_.NOMBRE as nombre11_0_0_, seguro0_.NUM_HIJOS as num_hij12_0_0_, seguro0_.SEXO as sexo13_0_0_, seguro0_.TIPO_SEGURO as tipo_se14_0_0_, seguro0_.edad>=18 as formula2_0_ from SEGURO seguro0_ where seguro0_.ID_SEGURO=?
Hibernate: insert into SEGURO (APE1, APE2, CASADO, CLAVE, EDAD, FECHA_CREACION, FECHA_NACIMIENTO, HORA_CONTACTO, NIF, NOMBRE, NUM_HIJOS, SEXO, TIPO_SEGURO, ID_SEGURO) values (?, ?, ?, ?, ?, ?, ?, ?, ?, ?, ?, ?, ?, ?)
Hibernate: select seguro0_.ID_SEGURO as id_segur1_0_0_, seguro0_.APE1 as ape2_0_0_, seguro0_.APE2 as ape3_0_0_, seguro0_.CASADO as casado4_0_0_, seguro0_.CLAVE as clave5_0_0_, seguro0_.EDAD as edad6_0_0_, seguro0_.FECHA_CREACION as fecha_cr7_0_0_, seguro0_.FECHA_NACIMIENTO as fecha_na8_0_0_, seguro0_.HORA_CONTACTO as hora_con9_0_0_, seguro0_.NIF as nif10_0_0_, seguro0_.NOMBRE as nombre11_0_0_, seguro0_.NUM_HIJOS as num_hij12_0_0_, seguro0_.SEXO as sexo13_0_0_, seguro0_.TIPO_SEGURO as tipo_se14_0_0_, seguro0_.edad>=18 as formula2_0_ from SEGURO seguro0_ where seguro0_.ID_SEGURO=?
]]></system-out>
  <system-err><![CDATA[ene 31, 2022 9:57:12 A. M. org.hibernate.jpa.internal.util.LogHelper logPersistenceUnitInformation
INFO: HHH000204: Processing PersistenceUnitInfo [name: Persistencia]
ene 31, 2022 9:57:12 A. M. org.hibernate.Version logVersion
INFO: HHH000412: Hibernate ORM core version 5.6.1.Final
ene 31, 2022 9:57:12 A. M. org.hibernate.annotations.common.reflection.java.JavaReflectionManager <clinit>
INFO: HCANN000001: Hibernate Commons Annotations {5.1.2.Final}
ene 31, 2022 9:57:12 A. M. org.hibernate.engine.jdbc.connections.internal.DriverManagerConnectionProviderImpl configure
WARN: HHH10001002: Using Hibernate built-in connection pool (not for production use!)
ene 31, 2022 9:57:12 A. M. org.hibernate.engine.jdbc.connections.internal.DriverManagerConnectionProviderImpl buildCreator
INFO: HHH10001005: using driver [org.h2.Driver] at URL [jdbc:h2:./src/main/resources/seguros]
ene 31, 2022 9:57:12 A. M. org.hibernate.engine.jdbc.connections.internal.DriverManagerConnectionProviderImpl buildCreator
INFO: HHH10001001: Connection properties: {password=****, user=sa}
ene 31, 2022 9:57:12 A. M. org.hibernate.engine.jdbc.connections.internal.DriverManagerConnectionProviderImpl buildCreator
INFO: HHH10001003: Autocommit mode: false
ene 31, 2022 9:57:12 A. M. org.hibernate.engine.jdbc.connections.internal.DriverManagerConnectionProviderImpl$PooledConnections <init>
INFO: HHH000115: Hibernate connection pool size: 20 (min=1)
ene 31, 2022 9:57:13 A. M. org.hibernate.dialect.Dialect <init>
INFO: HHH000400: Using dialect: org.hibernate.dialect.H2Dialect
ene 31, 2022 9:57:14 A. M. org.hibernate.resource.transaction.backend.jdbc.internal.DdlTransactionIsolatorNonJtaImpl getIsolatedConnection
INFO: HHH10001501: Connection obtained from JdbcConnectionAccess [org.hibernate.engine.jdbc.env.internal.JdbcEnvironmentInitiator$ConnectionProviderJdbcConnectionAccess@2954f6ab] for (non-JTA) DDL execution was not in auto-commit mode; the Connection 'local transaction' will be committed and the Connection will be set into auto-commit mode.
ene 31, 2022 9:57:14 A. M. org.hibernate.resource.transaction.backend.jdbc.internal.DdlTransactionIsolatorNonJtaImpl getIsolatedConnection
INFO: HHH10001501: Connection obtained from JdbcConnectionAccess [org.hibernate.engine.jdbc.env.internal.JdbcEnvironmentInitiator$ConnectionProviderJdbcConnectionAccess@18b74ea] for (non-JTA) DDL execution was not in auto-commit mode; the Connection 'local transaction' will be committed and the Connection will be set into auto-commit mode.
ene 31, 2022 9:57:14 A. M. org.hibernate.engine.transaction.jta.platform.internal.JtaPlatformInitiator initiateService
INFO: HHH000490: Using JtaPlatform implementation: [org.hibernate.engine.transaction.jta.platform.internal.NoJtaPlatform]
ene 31, 2022 9:57:14 A. M. org.hibernate.jpa.internal.util.LogHelper logPersistenceUnitInformation
INFO: HHH000204: Processing PersistenceUnitInfo [name: Persistencia]
ene 31, 2022 9:57:14 A. M. org.hibernate.engine.jdbc.connections.internal.DriverManagerConnectionProviderImpl configure
WARN: HHH10001002: Using Hibernate built-in connection pool (not for production use!)
ene 31, 2022 9:57:14 A. M. org.hibernate.engine.jdbc.connections.internal.DriverManagerConnectionProviderImpl buildCreator
INFO: HHH10001005: using driver [org.h2.Driver] at URL [jdbc:h2:./src/main/resources/seguros]
ene 31, 2022 9:57:14 A. M. org.hibernate.engine.jdbc.connections.internal.DriverManagerConnectionProviderImpl buildCreator
INFO: HHH10001001: Connection properties: {password=****, user=sa}
ene 31, 2022 9:57:14 A. M. org.hibernate.engine.jdbc.connections.internal.DriverManagerConnectionProviderImpl buildCreator
INFO: HHH10001003: Autocommit mode: false
ene 31, 2022 9:57:14 A. M. org.hibernate.engine.jdbc.connections.internal.DriverManagerConnectionProviderImpl$PooledConnections <init>
INFO: HHH000115: Hibernate connection pool size: 20 (min=1)
ene 31, 2022 9:57:14 A. M. org.hibernate.dialect.Dialect <init>
INFO: HHH000400: Using dialect: org.hibernate.dialect.H2Dialect
ene 31, 2022 9:57:14 A. M. org.hibernate.resource.transaction.backend.jdbc.internal.DdlTransactionIsolatorNonJtaImpl getIsolatedConnection
INFO: HHH10001501: Connection obtained from JdbcConnectionAccess [org.hibernate.engine.jdbc.env.internal.JdbcEnvironmentInitiator$ConnectionProviderJdbcConnectionAccess@78d9f51b] for (non-JTA) DDL execution was not in auto-commit mode; the Connection 'local transaction' will be committed and the Connection will be set into auto-commit mode.
ene 31, 2022 9:57:14 A. M. org.hibernate.resource.transaction.backend.jdbc.internal.DdlTransactionIsolatorNonJtaImpl getIsolatedConnection
INFO: HHH10001501: Connection obtained from JdbcConnectionAccess [org.hibernate.engine.jdbc.env.internal.JdbcEnvironmentInitiator$ConnectionProviderJdbcConnectionAccess@23ed382c] for (non-JTA) DDL execution was not in auto-commit mode; the Connection 'local transaction' will be committed and the Connection will be set into auto-commit mode.
ene 31, 2022 9:57:14 A. M. org.hibernate.engine.transaction.jta.platform.internal.JtaPlatformInitiator initiateService
INFO: HHH000490: Using JtaPlatform implementation: [org.hibernate.engine.transaction.jta.platform.internal.NoJtaPlatform]
ERROR. No se encuentra ningún seguro con el id 5
ERROR. No se puede eliminar el seguro con el id 5689. No se encuentra en la base de datos
ERROR. No se encuentra ningún seguro con el id 5689
ERROR. No se puede modificar el seguro con el id 258. No se encuentra en la base de datos
ERROR. No se encuentra ningún seguro con el id 258
ERROR. No se encuentra ningún seguro con el id 365
]]></system-err>
</testsuite>
